C:\Users\sadeg\AppData\Roaming\Python\Python312\site-packages\pytest_asyncio\plugin.py:252: PytestDeprecationWarning: The configuration option "asyncio_default_fixture_loop_scope" is unset.
The event loop scope for asynchronous fixtures will default to the fixture caching scope. Future versions of pytest-asyncio will default the loop scope for asynchronous fixtures to function scope. Set the default fixture loop scope explicitly in order to avoid unexpected behavior in the future. Valid fixture loop scopes are: "function", "class", "module", "package", "session"

  warnings.warn(PytestDeprecationWarning(_DEFAULT_FIXTURE_LOOP_SCOPE_UNSET))
============================= test session starts =============================
platform win32 -- Python 3.12.6, pytest-8.3.5, pluggy-1.6.0 -- C:\Program Files\Python312\python.exe
cachedir: .pytest_cache
hypothesis profile 'default'
benchmark: 4.0.0 (defaults: timer=time.perf_counter disable_gc=False min_rounds=5 min_time=0.000005 max_time=1.0 calibration_precision=10 warmup=False warmup_iterations=100000)
metadata: {'Python': '3.12.6', 'Platform': 'Windows-11-10.0.26100-SP0', 'Packages': {'pytest': '8.3.5', 'pluggy': '1.6.0'}, 'Plugins': {'anyio': '4.10.0', 'hypothesis': '6.139.2', 'asyncio': '1.2.0', 'base-url': '2.1.0', 'benchmark': '4.0.0', 'cov': '7.0.0', 'html': '4.1.1', 'metadata': '3.1.1', 'playwright': '0.7.1'}, 'Base URL': ''}
rootdir: D:\Projects\main
configfile: .pytest.ini
plugins: anyio-4.10.0, hypothesis-6.139.2, asyncio-1.2.0, base-url-2.1.0, benchmark-4.0.0, cov-7.0.0, html-4.1.1, metadata-3.1.1, playwright-0.7.1
asyncio: mode=Mode.STRICT, debug=False, asyncio_default_fixture_loop_scope=None, asyncio_default_test_loop_scope=function
collecting ... collected 17 items

test_code_collapse_comprehensive.py::TestFunctionalValidation::test_1_1_button_insertion_and_coverage[firefox] PASSED [  5%]
test_code_collapse_comprehensive.py::TestFunctionalValidation::test_1_2_collapse_expand_animation[firefox] PASSED [ 11%]
test_code_collapse_comprehensive.py::TestFunctionalValidation::test_1_3_master_controls[firefox] PASSED [ 17%]
test_code_collapse_comprehensive.py::TestFunctionalValidation::test_1_4_state_persistence[firefox] PASSED [ 23%]
test_code_collapse_comprehensive.py::TestFunctionalValidation::test_1_5_keyboard_shortcuts[firefox] PASSED [ 29%]
test_code_collapse_comprehensive.py::TestPerformanceValidation::test_2_1_collapse_expand_fps[firefox] FAILED [ 35%]
test_code_collapse_comprehensive.py::TestPerformanceValidation::test_2_2_button_gap_measurement[firefox] PASSED [ 41%]
test_code_collapse_comprehensive.py::TestPerformanceValidation::test_2_3_mobile_responsive_gap[firefox] PASSED [ 47%]
test_code_collapse_comprehensive.py::TestSelectorCoverage::test_3_1_console_coverage_report[firefox] PASSED [ 52%]
test_code_collapse_comprehensive.py::TestSelectorCoverage::test_3_2_all_blocks_have_buttons[firefox] PASSED [ 58%]
test_code_collapse_comprehensive.py::TestAccessibility::test_5_1_aria_attributes[firefox] PASSED [ 64%]
test_code_collapse_comprehensive.py::TestAccessibility::test_5_2_keyboard_navigation[firefox] PASSED [ 70%]
test_code_collapse_comprehensive.py::TestRegression::test_6_1_mobile_responsive[firefox] PASSED [ 76%]
test_code_collapse_comprehensive.py::TestRegression::test_6_2_print_preview_expands_all[firefox] PASSED [ 82%]
test_code_collapse_comprehensive.py::TestEdgeCases::test_7_1_hard_refresh_race_condition[firefox] PASSED [ 88%]
test_code_collapse_comprehensive.py::TestEdgeCases::test_7_2_localstorage_disabled[firefox] PASSED [ 94%]
test_code_collapse_comprehensive.py::TestEdgeCases::test_7_3_rapid_click_handling[firefox] PASSED [100%]

================================== FAILURES ===================================
D:\Projects\main\tests\browser_automation\test_code_collapse_comprehensive.py:219: AssertionError: Collapse animation not smooth: 28.2 FPS
=========================== short test summary info ===========================
FAILED test_code_collapse_comprehensive.py::TestPerformanceValidation::test_2_1_collapse_expand_fps[firefox] - AssertionError: Collapse animation not smooth: 28.2 FPS
assert False
================== 1 failed, 16 passed in 152.25s (0:02:32) ===================
